# JRE version: OpenJDK Runtime Environment (11.0.15) (build 11.0.15+0-b2043.56-8887301)
# Java VM: OpenJDK 64-Bit Server VM (11.0.15+0-b2043.56-8887301, mixed mode, tiered, compressed oops, g1 gc, windows-amd64)
Heap:
 garbage-first heap   total 312320K, used 146900K [0x0000000703000000, 0x0000000800000000)
  region size 1024K, 103 young (105472K), 16 survivors (16384K)
 Metaspace       used 84092K, capacity 84928K, committed 85068K, reserved 1124352K
  class space    used 9194K, capacity 9548K, committed 9600K, reserved 1048576K
GC Heap History (16 events):
Event: 0.634 GC heap before
{Heap before GC invocations=0 (full 0):
 garbage-first heap   total 260096K, used 28672K [0x0000000703000000, 0x0000000800000000)
  region size 1024K, 24 young (24576K), 0 survivors (0K)
 Metaspace       used 12048K, capacity 12158K, committed 12416K, reserved 1060864K
  class space    used 1073K, capacity 1113K, committed 1152K, reserved 1048576K
}
Event: 0.638 GC heap after
{Heap after GC invocations=1 (full 0):
 garbage-first heap   total 260096K, used 7281K [0x0000000703000000, 0x0000000800000000)
  region size 1024K, 3 young (3072K), 3 survivors (3072K)
 Metaspace       used 12048K, capacity 12158K, committed 12416K, reserved 1060864K
  class space    used 1073K, capacity 1113K, committed 1152K, reserved 1048576K
}
Event: 1.487 GC heap before
{Heap before GC invocations=1 (full 0):
 garbage-first heap   total 260096K, used 44145K [0x0000000703000000, 0x0000000800000000)
  region size 1024K, 40 young (40960K), 3 survivors (3072K)
 Metaspace       used 20950K, capacity 21185K, committed 21248K, reserved 1069056K
  class space    used 2207K, capacity 2299K, committed 2304K, reserved 1048576K
}
Event: 1.504 GC heap after
{Heap after GC invocations=2 (full 0):
 garbage-first heap   total 260096K, used 11041K [0x0000000703000000, 0x0000000800000000)
  region size 1024K, 7 young (7168K), 7 survivors (7168K)
 Metaspace       used 20950K, capacity 21185K, committed 21248K, reserved 1069056K
  class space    used 2207K, capacity 2299K, committed 2304K, reserved 1048576K
}
Event: 3.513 GC heap before
{Heap before GC invocations=3 (full 0):
 garbage-first heap   total 260096K, used 68385K [0x0000000703000000, 0x0000000800000000)
  region size 1024K, 57 young (58368K), 7 survivors (7168K)
 Metaspace       used 32707K, capacity 33087K, committed 33280K, reserved 1079296K
  class space    used 4058K, capacity 4242K, committed 4352K, reserved 1048576K
}
Event: 3.528 GC heap after
{Heap after GC invocations=4 (full 0):
 garbage-first heap   total 260096K, used 23208K [0x0000000703000000, 0x0000000800000000)
  region size 1024K, 8 young (8192K), 8 survivors (8192K)
 Metaspace       used 32707K, capacity 33087K, committed 33280K, reserved 1079296K
  class space    used 4058K, capacity 4242K, committed 4352K, reserved 1048576K
}
Event: 3.770 GC heap before
{Heap before GC invocations=4 (full 0):
 garbage-first heap   total 260096K, used 36520K [0x0000000703000000, 0x0000000800000000)
  region size 1024K, 22 young (22528K), 8 survivors (8192K)
 Metaspace       used 35389K, capacity 35751K, committed 35840K, reserved 1081344K
  class space    used 4347K, capacity 4533K, committed 4608K, reserved 1048576K
}
Event: 3.779 GC heap after
{Heap after GC invocations=5 (full 0):
 garbage-first heap   total 260096K, used 25685K [0x0000000703000000, 0x0000000800000000)
  region size 1024K, 7 young (7168K), 7 survivors (7168K)
 Metaspace       used 35389K, capacity 35751K, committed 35840K, reserved 1081344K
  class space    used 4347K, capacity 4533K, committed 4608K, reserved 1048576K
}
Event: 4.739 GC heap before
{Heap before GC invocations=6 (full 0):
 garbage-first heap   total 260096K, used 77909K [0x0000000703000000, 0x0000000800000000)
  region size 1024K, 58 young (59392K), 7 survivors (7168K)
 Metaspace       used 46770K, capacity 47217K, committed 47488K, reserved 1091584K
  class space    used 5513K, capacity 5706K, committed 5760K, reserved 1048576K
}
Event: 4.749 GC heap after
{Heap after GC invocations=7 (full 0):
 garbage-first heap   total 260096K, used 28261K [0x0000000703000000, 0x0000000800000000)
  region size 1024K, 7 young (7168K), 7 survivors (7168K)
 Metaspace       used 46770K, capacity 47217K, committed 47488K, reserved 1091584K
  class space    used 5513K, capacity 5706K, committed 5760K, reserved 1048576K
}
Event: 6.133 GC heap before
{Heap before GC invocations=7 (full 0):
 garbage-first heap   total 260096K, used 109157K [0x0000000703000000, 0x0000000800000000)
  region size 1024K, 83 young (84992K), 7 survivors (7168K)
 Metaspace       used 53670K, capacity 54229K, committed 54272K, reserved 1097728K
  class space    used 6149K, capacity 6391K, committed 6400K, reserved 1048576K
}
Event: 6.149 GC heap after
{Heap after GC invocations=8 (full 0):
 garbage-first heap   total 312320K, used 39048K [0x0000000703000000, 0x0000000800000000)
  region size 1024K, 11 young (11264K), 11 survivors (11264K)
 Metaspace       used 53670K, capacity 54229K, committed 54272K, reserved 1097728K
  class space    used 6149K, capacity 6391K, committed 6400K, reserved 1048576K
}
Event: 7.905 GC heap before
{Heap before GC invocations=8 (full 0):
 garbage-first heap   total 312320K, used 102536K [0x0000000703000000, 0x0000000800000000)
  region size 1024K, 74 young (75776K), 11 survivors (11264K)
 Metaspace       used 59466K, capacity 60131K, committed 60160K, reserved 1101824K
  class space    used 6855K, capacity 7168K, committed 7168K, reserved 1048576K
}
Event: 7.958 GC heap after
{Heap after GC invocations=9 (full 0):
 garbage-first heap   total 312320K, used 47277K [0x0000000703000000, 0x0000000800000000)
  region size 1024K, 15 young (15360K), 15 survivors (15360K)
 Metaspace       used 59466K, capacity 60131K, committed 60160K, reserved 1101824K
  class space    used 6855K, capacity 7168K, committed 7168K, reserved 1048576K
}
Event: 12.476 GC heap before
{Heap before GC invocations=10 (full 0):
 garbage-first heap   total 312320K, used 159917K [0x0000000703000000, 0x0000000800000000)
  region size 1024K, 124 young (126976K), 15 survivors (15360K)
 Metaspace       used 74479K, capacity 75294K, committed 75468K, reserved 1116160K
  class space    used 8298K, capacity 8641K, committed 8704K, reserved 1048576K
}
Event: 12.552 GC heap after
{Heap after GC invocations=11 (full 0):
 garbage-first heap   total 312320K, used 59860K [0x0000000703000000, 0x0000000800000000)
  region size 1024K, 16 young (16384K), 16 survivors (16384K)
 Metaspace       used 74479K, capacity 75294K, committed 75468K, reserved 1116160K
  class space    used 8298K, capacity 8641K, committed 8704K, reserved 1048576K
}

