# JRE version: OpenJDK Runtime Environment (11.0.15) (build 11.0.15+0-b2043.56-8887301)
# Java VM: OpenJDK 64-Bit Server VM (11.0.15+0-b2043.56-8887301, mixed mode, tiered, compressed oops, g1 gc, windows-amd64)
Heap:
 garbage-first heap   total 260096K, used 124796K [0x0000000703000000, 0x0000000800000000)
  region size 1024K, 100 young (102400K), 3 survivors (3072K)
 Metaspace       used 50155K, capacity 50635K, committed 50896K, reserved 1093632K
  class space    used 5839K, capacity 6053K, committed 6140K, reserved 1048576K
GC Heap History (8 events):
Event: 1.031 GC heap before
{Heap before GC invocations=0 (full 0):
 garbage-first heap   total 260096K, used 28672K [0x0000000703000000, 0x0000000800000000)
  region size 1024K, 24 young (24576K), 0 survivors (0K)
 Metaspace       used 12143K, capacity 12286K, committed 12416K, reserved 1060864K
  class space    used 1084K, capacity 1113K, committed 1152K, reserved 1048576K
}
Event: 1.037 GC heap after
{Heap after GC invocations=1 (full 0):
 garbage-first heap   total 260096K, used 7509K [0x0000000703000000, 0x0000000800000000)
  region size 1024K, 3 young (3072K), 3 survivors (3072K)
 Metaspace       used 12143K, capacity 12286K, committed 12416K, reserved 1060864K
  class space    used 1084K, capacity 1113K, committed 1152K, reserved 1048576K
}
Event: 2.053 GC heap before
{Heap before GC invocations=1 (full 0):
 garbage-first heap   total 260096K, used 44373K [0x0000000703000000, 0x0000000800000000)
  region size 1024K, 40 young (40960K), 3 survivors (3072K)
 Metaspace       used 20954K, capacity 21185K, committed 21248K, reserved 1069056K
  class space    used 2214K, capacity 2299K, committed 2304K, reserved 1048576K
}
Event: 2.073 GC heap after
{Heap after GC invocations=2 (full 0):
 garbage-first heap   total 260096K, used 11124K [0x0000000703000000, 0x0000000800000000)
  region size 1024K, 7 young (7168K), 7 survivors (7168K)
 Metaspace       used 20954K, capacity 21185K, committed 21248K, reserved 1069056K
  class space    used 2214K, capacity 2299K, committed 2304K, reserved 1048576K
}
Event: 3.413 GC heap before
{Heap before GC invocations=3 (full 0):
 garbage-first heap   total 260096K, used 64372K [0x0000000703000000, 0x0000000800000000)
  region size 1024K, 53 young (54272K), 7 survivors (7168K)
 Metaspace       used 31379K, capacity 31802K, committed 32124K, reserved 1077248K
  class space    used 3699K, capacity 3856K, committed 3964K, reserved 1048576K
}
Event: 3.429 GC heap after
{Heap after GC invocations=4 (full 0):
 garbage-first heap   total 260096K, used 23488K [0x0000000703000000, 0x0000000800000000)
  region size 1024K, 7 young (7168K), 7 survivors (7168K)
 Metaspace       used 31379K, capacity 31802K, committed 32124K, reserved 1077248K
  class space    used 3699K, capacity 3856K, committed 3964K, reserved 1048576K
}
Event: 4.034 GC heap before
{Heap before GC invocations=4 (full 0):
 garbage-first heap   total 260096K, used 42944K [0x0000000703000000, 0x0000000800000000)
  region size 1024K, 27 young (27648K), 7 survivors (7168K)
 Metaspace       used 35545K, capacity 35946K, committed 36048K, reserved 1081344K
  class space    used 4360K, capacity 4534K, committed 4604K, reserved 1048576K
}
Event: 4.056 GC heap after
{Heap after GC invocations=5 (full 0):
 garbage-first heap   total 260096K, used 23420K [0x0000000703000000, 0x0000000800000000)
  region size 1024K, 3 young (3072K), 3 survivors (3072K)
 Metaspace       used 35545K, capacity 35946K, committed 36048K, reserved 1081344K
  class space    used 4360K, capacity 4534K, committed 4604K, reserved 1048576K
}

